<?xml version="1.0" encoding="UTF-8"?>
<testng-results ignored="0" total="1" passed="1" failed="0" skipped="0">
  <reporter-output>
  </reporter-output>
  <suite started-at="2017-12-25T09:19:50Z" name="Default suite" finished-at="2017-12-25T09:20:11Z" duration-ms="20986">
    <groups>
    </groups>
    <test started-at="2017-12-25T09:19:50Z" name="Default test" finished-at="2017-12-25T09:20:11Z" duration-ms="20986">
      <class name="Module.ScrollPage">
        <test-method signature="scrollDown()[pri:0, instance:Module.ScrollPage@4d5b6aac]" started-at="2017-12-25T02:19:50Z" name="scrollDown" finished-at="2017-12-25T02:20:11Z" duration-ms="20966" status="PASS">
          <reporter-output>
          </reporter-output>
        </test-method> <!-- scrollDown -->
      </class> <!-- Module.ScrollPage -->
    </test> <!-- Default test -->
  </suite> <!-- Default suite -->
</testng-results>
